0 verbose cli /data/data/com.termux/files/usr/bin/node /data/data/com.termux/files/usr/bin/npm
1 info using npm@10.9.2
2 info using node@v22.13.1
3 silly config load:file:/data/data/com.termux/files/usr/lib/node_modules/npm/npmrc
4 silly config load:file:/storage/emulated/0/bot/.npmrc
5 silly config load:file:/data/data/com.termux/files/home/.npmrc
6 silly config load:file:/data/data/com.termux/files/usr/etc/npmrc
7 verbose title npm init
8 verbose argv "init" "--yes"
9 verbose logfile logs-max:10 dir:/data/data/com.termux/files/home/.npm/_logs/2025-02-03T21_22_46_294Z-
10 verbose logfile /data/data/com.termux/files/home/.npm/_logs/2025-02-03T21_22_46_294Z-debug-0.log
11 silly logfile done cleaning log files
12 verbose stack Error: EACCES: permission denied, open '/storage/emulated/0/bot/package.json'
12 verbose stack     at async open (node:internal/fs/promises:638:25)
12 verbose stack     at async writeFile (node:internal/fs/promises:1212:14)
12 verbose stack     at async PackageJson.save (/data/data/com.termux/files/usr/lib/node_modules/npm/node_modules/@npmcli/package-json/lib/index.js:255:14)
12 verbose stack     at async init (/data/data/com.termux/files/usr/lib/node_modules/npm/node_modules/init-package-json/lib/init-package-json.js:125:5)
12 verbose stack     at async Init.template (/data/data/com.termux/files/usr/lib/node_modules/npm/lib/commands/init.js:167:20)
12 verbose stack     at async Init.exec (/data/data/com.termux/files/usr/lib/node_modules/npm/lib/commands/init.js:48:5)
12 verbose stack     at async Npm.exec (/data/data/com.termux/files/usr/lib/node_modules/npm/lib/npm.js:207:9)
12 verbose stack     at async module.exports (/data/data/com.termux/files/usr/lib/node_modules/npm/lib/cli/entry.js:67:5)
13 error code EACCES
14 error syscall open
15 error path /storage/emulated/0/bot/package.json
16 error errno -13
17 error Error: EACCES: permission denied, open '/storage/emulated/0/bot/package.json'
17 error     at async open (node:internal/fs/promises:638:25)
17 error     at async writeFile (node:internal/fs/promises:1212:14)
17 error     at async PackageJson.save (/data/data/com.termux/files/usr/lib/node_modules/npm/node_modules/@npmcli/package-json/lib/index.js:255:14)
17 error     at async init (/data/data/com.termux/files/usr/lib/node_modules/npm/node_modules/init-package-json/lib/init-package-json.js:125:5)
17 error     at async Init.template (/data/data/com.termux/files/usr/lib/node_modules/npm/lib/commands/init.js:167:20)
17 error     at async Init.exec (/data/data/com.termux/files/usr/lib/node_modules/npm/lib/commands/init.js:48:5)
17 error     at async Npm.exec (/data/data/com.termux/files/usr/lib/node_modules/npm/lib/npm.js:207:9)
17 error     at async module.exports (/data/data/com.termux/files/usr/lib/node_modules/npm/lib/cli/entry.js:67:5) {
17 error   errno: -13,
17 error   code: 'EACCES',
17 error   syscall: 'open',
17 error   path: '/storage/emulated/0/bot/package.json'
17 error }
18 error
18 error The operation was rejected by your operating system.
18 error It is likely you do not have the permissions to access this file as the current user
18 error
18 error If you believe this might be a permissions issue, please double-check the
18 error permissions of the file and its containing directories, or try running
18 error the command again as root/Administrator.
19 verbose cwd /storage/emulated/0/bot
20 verbose os Linux 4.19.191-ge9491824f6a7
21 verbose node v22.13.1
22 verbose npm  v10.9.2
23 verbose exit -13
24 verbose code -13
25 error A complete log of this run can be found in: /data/data/com.termux/files/home/.npm/_logs/2025-02-03T21_22_46_294Z-debug-0.log
