0 verbose cli /data/data/com.termux/files/usr/bin/node /data/data/com.termux/files/usr/bin/npm
1 info using npm@10.9.2
2 info using node@v23.6.1
3 silly config load:file:/data/data/com.termux/files/usr/lib/node_modules/npm/npmrc
4 silly config load:file:/data/data/com.termux/files/home/.npmrc
5 silly config load:file:/data/data/com.termux/files/usr/etc/npmrc
6 verbose title npm install assemblyscript
7 verbose argv "install" "--global" "assemblyscript"
8 verbose logfile logs-max:10 dir:/data/data/com.termux/files/home/.npm/_logs/2025-02-11T15_03_14_081Z-
9 verbose logfile /data/data/com.termux/files/home/.npm/_logs/2025-02-11T15_03_14_081Z-debug-0.log
10 silly packumentCache heap:1098907648 maxSize:274726912 maxEntrySize:137363456
11 silly logfile done cleaning log files
12 silly idealTree buildDeps
13 silly fetch manifest assemblyscript@*
14 silly packumentCache full:https://registry.npmjs.org/assemblyscript cache-miss
15 http fetch GET 200 https://registry.npmjs.org/assemblyscript 1566ms (cache miss)
16 silly packumentCache full:https://registry.npmjs.org/assemblyscript set size:undefined disposed:false
17 silly placeDep ROOT assemblyscript@0.27.34 OK for:  want: *
18 silly fetch manifest binaryen@116.0.0-nightly.20240114
19 silly packumentCache full:https://registry.npmjs.org/binaryen cache-miss
20 silly fetch manifest long@^5.2.4
21 silly packumentCache full:https://registry.npmjs.org/long cache-miss
22 http fetch GET 200 https://registry.npmjs.org/long 193ms (cache miss)
23 silly packumentCache full:https://registry.npmjs.org/long set size:undefined disposed:false
24 http fetch GET 200 https://registry.npmjs.org/binaryen 2665ms (cache miss)
25 silly packumentCache full:https://registry.npmjs.org/binaryen set size:undefined disposed:false
26 silly placeDep node_modules/assemblyscript binaryen@116.0.0-nightly.20240114 OK for: assemblyscript@0.27.34 want: 116.0.0-nightly.20240114
27 silly placeDep node_modules/assemblyscript long@5.3.0 OK for: assemblyscript@0.27.34 want: ^5.2.4
28 silly reify moves {}
29 http cache long@https://registry.npmjs.org/long/-/long-5.3.0.tgz 1ms (cache hit)
30 http cache binaryen@https://registry.npmjs.org/binaryen/-/binaryen-116.0.0-nightly.20240114.tgz 0ms (cache hit)
31 http cache assemblyscript@https://registry.npmjs.org/assemblyscript/-/assemblyscript-0.27.34.tgz 0ms (cache hit)
32 silly tarball no local data for long@https://registry.npmjs.org/long/-/long-5.3.0.tgz. Extracting by manifest.
33 silly tarball no local data for binaryen@https://registry.npmjs.org/binaryen/-/binaryen-116.0.0-nightly.20240114.tgz. Extracting by manifest.
34 silly tarball no local data for assemblyscript@https://registry.npmjs.org/assemblyscript/-/assemblyscript-0.27.34.tgz. Extracting by manifest.
35 http fetch GET 200 https://registry.npmjs.org/long/-/long-5.3.0.tgz 708ms (cache miss)
36 http fetch GET 200 https://registry.npmjs.org/assemblyscript/-/assemblyscript-0.27.34.tgz 7331ms (cache miss)
37 http fetch GET 200 https://registry.npmjs.org/binaryen/-/binaryen-116.0.0-nightly.20240114.tgz 21604ms (cache miss)
38 silly ADD node_modules/assemblyscript
39 silly ADD node_modules/assemblyscript/node_modules/long
40 silly ADD node_modules/assemblyscript/node_modules/binaryen
41 verbose cwd /data/data/com.termux/files/home
42 verbose os Linux 4.19.191-ge9491824f6a7
43 verbose node v23.6.1
44 verbose npm  v10.9.2
45 verbose exit 0
46 info ok
